{
  "0 debug pnpm:scope": {
    "selected": 1
  },
  "1 error pnpm": {
    "errno": 1,
    "code": "ELIFECYCLE",
    "pkgid": "vite-template-solid@0.0.0",
    "stage": "build",
    "script": "vite build",
    "pkgname": "vite-template-solid",
    "err": {
      "name": "pnpm",
      "message": "vite-template-solid@0.0.0 build: `vite build`\nExit status 1",
      "code": "ELIFECYCLE",
      "stack": "pnpm: vite-template-solid@0.0.0 build: `vite build`\nExit status 1\n    at EventEmitter.<anonymous> (C:\\Users\\ferth\\AppData\\Roaming\\npm\\node_modules\\pnpm\\dist\\pnpm.cjs:108415:20)\n    at EventEmitter.emit (node:events:390:28)\n    at ChildProcess.<anonymous> (C:\\Users\\ferth\\AppData\\Roaming\\npm\\node_modules\\pnpm\\dist\\pnpm.cjs:94981:18)\n    at ChildProcess.emit (node:events:390:28)\n    at maybeClose (node:internal/child_process:1064:16)\n    at Process.ChildProcess._handle.onexit (node:internal/child_process:301:5)"
    }
  },
  "2 warn pnpm:global": " Local package.json exists, but node_modules missing, did you mean to install?"
}